[debug] [2022-08-18T18:08:46.237Z] ----------------------------------------------------------------------
[debug] [2022-08-18T18:08:46.238Z] Command:       C:\Program Files\nodejs\node.exe C:\Users\hp\AppData\Roaming\npm\node_modules\firebase-tools\lib\bin\firebase.js init
[debug] [2022-08-18T18:08:46.239Z] CLI Version:   11.6.0
[debug] [2022-08-18T18:08:46.239Z] Platform:      win32
[debug] [2022-08-18T18:08:46.239Z] Node Version:  v16.15.0
[debug] [2022-08-18T18:08:46.240Z] Time:          Thu Aug 18 2022 23:38:46 GMT+0530 (India Standard Time)
[debug] [2022-08-18T18:08:46.241Z] ----------------------------------------------------------------------
[debug] 
[debug] [2022-08-18T18:08:46.303Z] > command requires scopes: ["email","openid","https://www.googleapis.com/auth/cloudplatformprojects.readonly","https://www.googleapis.com/auth/firebase","https://www.googleapis.com/auth/cloud-platform"]
[debug] [2022-08-18T18:08:46.304Z] > authorizing via signed-in user (abhijeethaldar2001@gmail.com)
[info] 
     ######## #### ########  ######## ########     ###     ######  ########
     ##        ##  ##     ## ##       ##     ##  ##   ##  ##       ##
     ######    ##  ########  ######   ########  #########  ######  ######
     ##        ##  ##    ##  ##       ##     ## ##     ##       ## ##
     ##       #### ##     ## ######## ########  ##     ##  ######  ########

You're about to initialize a Firebase project in this directory:

  C:\Users\hp\Desktop\Instagram-clone-app\instagram-clone-react

Before we get started, keep in mind:

  * You are initializing within an existing Firebase project directory

[info] 
=== Project Setup
[info] 
[info] First, let's associate this project directory with a Firebase project.
[info] You can create multiple project aliases by running firebase use --add, 
[info] but for now we'll just set up a default project.
[info] 
[debug] [2022-08-18T18:08:55.004Z] Using project from CLI flag: instagram-clone-d1536
[debug] [2022-08-18T18:08:55.007Z] >>> [apiv2][query] GET https://firebase.googleapis.com/v1beta1/projects/instagram-clone-d1536 [none]
[debug] [2022-08-18T18:08:56.003Z] <<< [apiv2][status] GET https://firebase.googleapis.com/v1beta1/projects/instagram-clone-d1536 403
[debug] [2022-08-18T18:08:56.004Z] <<< [apiv2][body] GET https://firebase.googleapis.com/v1beta1/projects/instagram-clone-d1536 {"error":{"code":403,"message":"The caller does not have permission","status":"PERMISSION_DENIED"}}
[debug] [2022-08-18T18:08:56.005Z] HTTP Error: 403, The caller does not have permission
[debug] [2022-08-18T18:08:56.265Z] FirebaseError: HTTP Error: 403, The caller does not have permission
    at responseToError (C:\Users\hp\AppData\Roaming\npm\node_modules\firebase-tools\lib\responseToError.js:49:12)
    at RetryOperation._fn (C:\Users\hp\AppData\Roaming\npm\node_modules\firebase-tools\lib\apiv2.js:288:77)
    at processTicksAndRejections (node:internal/process/task_queues:96:5)
[error] 
[error] Error: Failed to get Firebase project instagram-clone-d1536. Please make sure the project exists and your account has permission to access it.
